2024-02-22 11:06:52.605 [main] INFO  : Starting Hackaton1Application using Java 20.0.1 with PID 7368 (D:\IT.academy\Hackaton1JDBC\target\classes started by Daniil in D:\IT.academy\Hackaton1JDBC)
2024-02-22 11:06:52.609 [main] INFO  : No active profile set, falling back to 1 default profile: "default"
2024-02-22 11:06:53.730 [main] INFO  : Tomcat initialized with port 8080 (http)
2024-02-22 11:06:53.742 [main] INFO  : Initializing ProtocolHandler ["http-nio-8080"]
2024-02-22 11:06:53.744 [main] INFO  : Starting service [Tomcat]
2024-02-22 11:06:53.744 [main] INFO  : Starting Servlet engine: [Apache Tomcat/10.1.17]
2024-02-22 11:06:53.806 [main] INFO  : Initializing Spring embedded WebApplicationContext
2024-02-22 11:06:53.807 [main] INFO  : Root WebApplicationContext: initialization completed in 1139 ms
2024-02-22 11:06:54.442 [main] INFO  : Starting ProtocolHandler ["http-nio-8080"]
2024-02-22 11:06:54.460 [main] INFO  : Tomcat started on port 8080 (http) with context path ''
2024-02-22 11:06:54.475 [main] INFO  : Started Hackaton1Application in 2.39 seconds (process running for 3.018)
2024-02-22 11:07:32.686 [http-nio-8080-exec-1] INFO  : Initializing Spring DispatcherServlet 'dispatcherServlet'
2024-02-22 11:07:32.686 [http-nio-8080-exec-1] INFO  : Initializing Servlet 'dispatcherServlet'
2024-02-22 11:07:32.696 [http-nio-8080-exec-1] INFO  : Completed initialization in 10 ms
2024-02-22 11:07:34.650 [http-nio-8080-exec-3] INFO  : Init duration for springdoc-openapi is: 1172 ms
2024-02-22 11:11:10.319 [main] INFO  : Starting Hackaton1Application using Java 20.0.1 with PID 4892 (D:\IT.academy\Hackaton1JDBC\target\classes started by Daniil in D:\IT.academy\Hackaton1JDBC)
2024-02-22 11:11:10.321 [main] INFO  : No active profile set, falling back to 1 default profile: "default"
2024-02-22 11:11:11.345 [main] INFO  : Tomcat initialized with port 8080 (http)
2024-02-22 11:11:11.354 [main] INFO  : Initializing ProtocolHandler ["http-nio-8080"]
2024-02-22 11:11:11.356 [main] INFO  : Starting service [Tomcat]
2024-02-22 11:11:11.356 [main] INFO  : Starting Servlet engine: [Apache Tomcat/10.1.17]
2024-02-22 11:11:11.416 [main] INFO  : Initializing Spring embedded WebApplicationContext
2024-02-22 11:11:11.416 [main] INFO  : Root WebApplicationContext: initialization completed in 1041 ms
2024-02-22 11:11:11.987 [main] INFO  : Starting ProtocolHandler ["http-nio-8080"]
2024-02-22 11:11:12.002 [main] INFO  : Tomcat started on port 8080 (http) with context path ''
2024-02-22 11:11:12.014 [main] INFO  : Started Hackaton1Application in 2.256 seconds (process running for 3.109)
2024-02-22 11:11:15.160 [http-nio-8080-exec-1] INFO  : Initializing Spring DispatcherServlet 'dispatcherServlet'
2024-02-22 11:11:15.160 [http-nio-8080-exec-1] INFO  : Initializing Servlet 'dispatcherServlet'
2024-02-22 11:11:15.169 [http-nio-8080-exec-1] INFO  : Completed initialization in 9 ms
2024-02-22 11:11:15.196 [http-nio-8080-exec-1] INFO  : STARTED : UsersDaoImpl - deleteUserById - 98
2024-02-22 11:11:15.473 [http-nio-8080-exec-1] ERROR : User with id - 98 not found
